<?xml version="1.0" encoding="UTF-8"?>
<coverage generated="1687896502646" clover="3.2.0">
  <project timestamp="1687896502646" name="All files">
    <metrics statements="17" coveredstatements="17" conditionals="2" coveredconditionals="2" methods="4" coveredmethods="4" elements="23" coveredelements="23" complexity="0" loc="17" ncloc="17" packages="1" files="1" classes="1"/>
    <file name="InputPhoneField.js" path="/project/LeetCode-FE-assessment-ReactJS/src/InputPhoneField.js">
      <metrics statements="17" coveredstatements="17" conditionals="2" coveredconditionals="2" methods="4" coveredmethods="4"/>
      <line num="5" count="54" type="stmt"/>
      <line num="6" count="54" type="stmt"/>
      <line num="7" count="54" type="stmt"/>
      <line num="8" count="54" type="stmt"/>
      <line num="10" count="54" type="stmt"/>
      <line num="11" count="36" type="stmt"/>
      <line num="14" count="36" type="stmt"/>
      <line num="16" count="36" type="stmt"/>
      <line num="18" count="36" type="cond" truecount="2" falsecount="0"/>
      <line num="19" count="2" type="stmt"/>
      <line num="20" count="2" type="stmt"/>
      <line num="23" count="36" type="stmt"/>
      <line num="24" count="36" type="stmt"/>
      <line num="27" count="54" type="stmt"/>
      <line num="29" count="53" type="stmt"/>
      <line num="30" count="53" type="stmt"/>
      <line num="33" count="54" type="stmt"/>
    </file>
  </project>
</coverage>
