{"/project/LeetCode-FE-assessment-ReactJS/src/InputPhoneField.js": {"path":"/project/LeetCode-FE-assessment-ReactJS/src/InputPhoneField.js","statementMap":{"0":{"start":{"line":5,"column":24},"end":{"line":5,"column":36}},"1":{"start":{"line":6,"column":30},"end":{"line":6,"column":41}},"2":{"start":{"line":7,"column":34},"end":{"line":7,"column":45}},"3":{"start":{"line":8,"column":17},"end":{"line":8,"column":25}},"4":{"start":{"line":10,"column":23},"end":{"line":25,"column":3}},"5":{"start":{"line":11,"column":4},"end":{"line":11,"column":47}},"6":{"start":{"line":14,"column":18},"end":{"line":14,"column":36}},"7":{"start":{"line":16,"column":16},"end":{"line":16,"column":34}},"8":{"start":{"line":18,"column":4},"end":{"line":22,"column":5}},"9":{"start":{"line":19,"column":6},"end":{"line":21,"column":9}},"10":{"start":{"line":20,"column":8},"end":{"line":20,"column":39}},"11":{"start":{"line":23,"column":4},"end":{"line":23,"column":26}},"12":{"start":{"line":24,"column":4},"end":{"line":24,"column":16}},"13":{"start":{"line":27,"column":2},"end":{"line":31,"column":12}},"14":{"start":{"line":29,"column":4},"end":{"line":29,"column":45}},"15":{"start":{"line":30,"column":4},"end":{"line":30,"column":43}},"16":{"start":{"line":33,"column":2},"end":{"line":46,"column":4}}},"fnMap":{"0":{"name":"InputPhoneField","decl":{"start":{"line":4,"column":24},"end":{"line":4,"column":39}},"loc":{"start":{"line":4,"column":42},"end":{"line":47,"column":1}},"line":4},"1":{"name":"(anonymous_1)","decl":{"start":{"line":10,"column":23},"end":{"line":10,"column":24}},"loc":{"start":{"line":10,"column":34},"end":{"line":25,"column":3}},"line":10},"2":{"name":"(anonymous_2)","decl":{"start":{"line":19,"column":18},"end":{"line":19,"column":19}},"loc":{"start":{"line":19,"column":28},"end":{"line":21,"column":7}},"line":19},"3":{"name":"(anonymous_3)","decl":{"start":{"line":27,"column":12},"end":{"line":27,"column":13}},"loc":{"start":{"line":27,"column":18},"end":{"line":31,"column":3}},"line":27}},"branchMap":{"0":{"loc":{"start":{"line":18,"column":4},"end":{"line":22,"column":5}},"type":"if","locations":[{"start":{"line":18,"column":4},"end":{"line":22,"column":5}},{"start":{},"end":{}}],"line":18}},"s":{"0":54,"1":54,"2":54,"3":54,"4":54,"5":36,"6":36,"7":36,"8":36,"9":2,"10":2,"11":36,"12":36,"13":54,"14":53,"15":53,"16":54},"f":{"0":54,"1":36,"2":2,"3":53},"b":{"0":[2,34]},"_coverageSchema":"1a1c01bbd47fc00a2c39e90264f33305004495a9","hash":"74e747e7336f6b17c9378fd03f4e1acfe26cd3dc"}
}
